
19-04-2016 21:14:42:654 - I: 	Registered player Player 1
19-04-2016 21:14:42:655 - I: 	Registered player Player 2
19-04-2016 21:14:42:655 - I: 	Registered player Player 3
19-04-2016 21:14:42:655 - I: 	Registered player Player 4
19-04-2016 21:14:42:658 - I: 	Trying seed 428418094...
19-04-2016 21:14:42:684 - E: 	Map not suitable with seed, trying a new one.Domain.Exceptions.MapUnsuitableException: Generated map was not suitable for the chosen power-up generation strategy.
   at GameEngine.MapGenerator.GameMapGenerator`1.GeneratePowerUps(GameMap gameMap, Int32 seed) in w:\Projects\100k\2016\GitHub\Game Engine\Bomberman\GameEngine\MapGenerator\GameMapGenerator.cs:line 294
   at GameEngine.MapGenerator.GameMapGenerator`1.GenerateGameMap(Int32 seed) in w:\Projects\100k\2016\GitHub\Game Engine\Bomberman\GameEngine\MapGenerator\GameMapGenerator.cs:line 75
   at GameEngine.Engine.BombermanEngine.PrepareGame(List`1 players, Int32 seed) in w:\Projects\100k\2016\GitHub\Game Engine\Bomberman\GameEngine\Engine\BombermanEngine.cs:line 54

19-04-2016 21:14:42:717 - I: 	Trying seed 1909736823...
19-04-2016 21:14:42:718 - E: 	Map not suitable with seed, trying a new one.Domain.Exceptions.MapUnsuitableException: Generated map was not suitable for the chosen power-up generation strategy.
   at GameEngine.MapGenerator.GameMapGenerator`1.GeneratePowerUps(GameMap gameMap, Int32 seed) in w:\Projects\100k\2016\GitHub\Game Engine\Bomberman\GameEngine\MapGenerator\GameMapGenerator.cs:line 294
   at GameEngine.MapGenerator.GameMapGenerator`1.GenerateGameMap(Int32 seed) in w:\Projects\100k\2016\GitHub\Game Engine\Bomberman\GameEngine\MapGenerator\GameMapGenerator.cs:line 75
   at GameEngine.Engine.BombermanEngine.PrepareGame(List`1 players, Int32 seed) in w:\Projects\100k\2016\GitHub\Game Engine\Bomberman\GameEngine\Engine\BombermanEngine.cs:line 54

19-04-2016 21:14:42:718 - I: 	Trying seed 1875396051...
19-04-2016 21:14:42:718 - E: 	Map not suitable with seed, trying a new one.Domain.Exceptions.MapUnsuitableException: Generated map was not suitable for the chosen power-up generation strategy.
   at GameEngine.MapGenerator.GameMapGenerator`1.GeneratePowerUps(GameMap gameMap, Int32 seed) in w:\Projects\100k\2016\GitHub\Game Engine\Bomberman\GameEngine\MapGenerator\GameMapGenerator.cs:line 294
   at GameEngine.MapGenerator.GameMapGenerator`1.GenerateGameMap(Int32 seed) in w:\Projects\100k\2016\GitHub\Game Engine\Bomberman\GameEngine\MapGenerator\GameMapGenerator.cs:line 75
   at GameEngine.Engine.BombermanEngine.PrepareGame(List`1 players, Int32 seed) in w:\Projects\100k\2016\GitHub\Game Engine\Bomberman\GameEngine\Engine\BombermanEngine.cs:line 54

19-04-2016 21:14:42:718 - I: 	Trying seed 1985575337...
19-04-2016 21:14:42:719 - E: 	Map not suitable with seed, trying a new one.Domain.Exceptions.MapUnsuitableException: Generated map was not suitable for the chosen power-up generation strategy.
   at GameEngine.MapGenerator.GameMapGenerator`1.GeneratePowerUps(GameMap gameMap, Int32 seed) in w:\Projects\100k\2016\GitHub\Game Engine\Bomberman\GameEngine\MapGenerator\GameMapGenerator.cs:line 294
   at GameEngine.MapGenerator.GameMapGenerator`1.GenerateGameMap(Int32 seed) in w:\Projects\100k\2016\GitHub\Game Engine\Bomberman\GameEngine\MapGenerator\GameMapGenerator.cs:line 75
   at GameEngine.Engine.BombermanEngine.PrepareGame(List`1 players, Int32 seed) in w:\Projects\100k\2016\GitHub\Game Engine\Bomberman\GameEngine\Engine\BombermanEngine.cs:line 54

19-04-2016 21:14:42:719 - I: 	Trying seed 1505655448...
19-04-2016 21:14:42:720 - E: 	Map not suitable with seed, trying a new one.Domain.Exceptions.MapUnsuitableException: Generated map was not suitable for the chosen power-up generation strategy.
   at GameEngine.MapGenerator.GameMapGenerator`1.GeneratePowerUps(GameMap gameMap, Int32 seed) in w:\Projects\100k\2016\GitHub\Game Engine\Bomberman\GameEngine\MapGenerator\GameMapGenerator.cs:line 294
   at GameEngine.MapGenerator.GameMapGenerator`1.GenerateGameMap(Int32 seed) in w:\Projects\100k\2016\GitHub\Game Engine\Bomberman\GameEngine\MapGenerator\GameMapGenerator.cs:line 75
   at GameEngine.Engine.BombermanEngine.PrepareGame(List`1 players, Int32 seed) in w:\Projects\100k\2016\GitHub\Game Engine\Bomberman\GameEngine\Engine\BombermanEngine.cs:line 54

19-04-2016 21:14:42:720 - I: 	Trying seed 1931740322...
19-04-2016 21:14:42:721 - E: 	Map not suitable with seed, trying a new one.Domain.Exceptions.MapUnsuitableException: Generated map was not suitable for the chosen power-up generation strategy.
   at GameEngine.MapGenerator.GameMapGenerator`1.GeneratePowerUps(GameMap gameMap, Int32 seed) in w:\Projects\100k\2016\GitHub\Game Engine\Bomberman\GameEngine\MapGenerator\GameMapGenerator.cs:line 294
   at GameEngine.MapGenerator.GameMapGenerator`1.GenerateGameMap(Int32 seed) in w:\Projects\100k\2016\GitHub\Game Engine\Bomberman\GameEngine\MapGenerator\GameMapGenerator.cs:line 75
   at GameEngine.Engine.BombermanEngine.PrepareGame(List`1 players, Int32 seed) in w:\Projects\100k\2016\GitHub\Game Engine\Bomberman\GameEngine\Engine\BombermanEngine.cs:line 54

19-04-2016 21:14:42:721 - I: 	Trying seed 1552803878...
19-04-2016 21:14:42:721 - E: 	Map not suitable with seed, trying a new one.Domain.Exceptions.MapUnsuitableException: Generated map was not suitable for the chosen power-up generation strategy.
   at GameEngine.MapGenerator.GameMapGenerator`1.GeneratePowerUps(GameMap gameMap, Int32 seed) in w:\Projects\100k\2016\GitHub\Game Engine\Bomberman\GameEngine\MapGenerator\GameMapGenerator.cs:line 294
   at GameEngine.MapGenerator.GameMapGenerator`1.GenerateGameMap(Int32 seed) in w:\Projects\100k\2016\GitHub\Game Engine\Bomberman\GameEngine\MapGenerator\GameMapGenerator.cs:line 75
   at GameEngine.Engine.BombermanEngine.PrepareGame(List`1 players, Int32 seed) in w:\Projects\100k\2016\GitHub\Game Engine\Bomberman\GameEngine\Engine\BombermanEngine.cs:line 54

19-04-2016 21:14:42:722 - I: 	Trying seed 863228376...
19-04-2016 21:14:42:722 - E: 	Map not suitable with seed, trying a new one.Domain.Exceptions.MapUnsuitableException: Generated map was not suitable for the chosen power-up generation strategy.
   at GameEngine.MapGenerator.GameMapGenerator`1.GeneratePowerUps(GameMap gameMap, Int32 seed) in w:\Projects\100k\2016\GitHub\Game Engine\Bomberman\GameEngine\MapGenerator\GameMapGenerator.cs:line 294
   at GameEngine.MapGenerator.GameMapGenerator`1.GenerateGameMap(Int32 seed) in w:\Projects\100k\2016\GitHub\Game Engine\Bomberman\GameEngine\MapGenerator\GameMapGenerator.cs:line 75
   at GameEngine.Engine.BombermanEngine.PrepareGame(List`1 players, Int32 seed) in w:\Projects\100k\2016\GitHub\Game Engine\Bomberman\GameEngine\Engine\BombermanEngine.cs:line 54

19-04-2016 21:14:42:722 - I: 	Trying seed 1057103257...
19-04-2016 21:14:42:723 - E: 	Map not suitable with seed, trying a new one.Domain.Exceptions.MapUnsuitableException: Generated map was not suitable for the chosen power-up generation strategy.
   at GameEngine.MapGenerator.GameMapGenerator`1.GeneratePowerUps(GameMap gameMap, Int32 seed) in w:\Projects\100k\2016\GitHub\Game Engine\Bomberman\GameEngine\MapGenerator\GameMapGenerator.cs:line 294
   at GameEngine.MapGenerator.GameMapGenerator`1.GenerateGameMap(Int32 seed) in w:\Projects\100k\2016\GitHub\Game Engine\Bomberman\GameEngine\MapGenerator\GameMapGenerator.cs:line 75
   at GameEngine.Engine.BombermanEngine.PrepareGame(List`1 players, Int32 seed) in w:\Projects\100k\2016\GitHub\Game Engine\Bomberman\GameEngine\Engine\BombermanEngine.cs:line 54

19-04-2016 21:14:42:723 - I: 	Trying seed 2118630762...
19-04-2016 21:14:42:724 - E: 	Map not suitable with seed, trying a new one.Domain.Exceptions.MapUnsuitableException: Generated map was not suitable for the chosen power-up generation strategy.
   at GameEngine.MapGenerator.GameMapGenerator`1.GeneratePowerUps(GameMap gameMap, Int32 seed) in w:\Projects\100k\2016\GitHub\Game Engine\Bomberman\GameEngine\MapGenerator\GameMapGenerator.cs:line 294
   at GameEngine.MapGenerator.GameMapGenerator`1.GenerateGameMap(Int32 seed) in w:\Projects\100k\2016\GitHub\Game Engine\Bomberman\GameEngine\MapGenerator\GameMapGenerator.cs:line 75
   at GameEngine.Engine.BombermanEngine.PrepareGame(List`1 players, Int32 seed) in w:\Projects\100k\2016\GitHub\Game Engine\Bomberman\GameEngine\Engine\BombermanEngine.cs:line 54

19-04-2016 21:14:42:724 - I: 	Trying seed 987493551...
19-04-2016 21:14:42:762 - I: 		OK!