
19-04-2016 21:16:40:749 - I: 	Added Command MovementCommand(Down) for Player PlayerEntity(X:4, Y:5, Key:A)
19-04-2016 21:16:40:987 - I: 	Added Command MovementCommand(Up) for Player PlayerEntity(X:20, Y:19, Key:B)
19-04-2016 21:16:41:320 - I: 	Added Command MovementCommand(Up) for Player PlayerEntity(X:4, Y:17, Key:C)
19-04-2016 21:16:41:550 - I: 	Added Command MovementCommand(Down) for Player PlayerEntity(X:20, Y:3, Key:D)
19-04-2016 21:16:41:550 - D: 	Beginning round processing
19-04-2016 21:16:41:550 - D: 	Removing Bomb Explosions from map
19-04-2016 21:16:41:550 - D: 	Decreasing Bomb Timers
19-04-2016 21:16:41:550 - D: 	Detonating Bombs
19-04-2016 21:16:41:553 - I: 	Detonating Bomb BombEntity(X:18, Y:2, Radius:1, Timer:0, Owner:D)
19-04-2016 21:16:41:555 - I: 	Detonating Bomb BombEntity(X:18, Y:20, Radius:1, Timer:0, Owner:B)
19-04-2016 21:16:41:555 - D: 	Processing Player Commands
19-04-2016 21:16:41:555 - D: 	Applying player power ups
19-04-2016 21:16:41:555 - D: 	Destroying marked entities
19-04-2016 21:16:41:556 - D: 	Destroyed Entity DestructibleWallEntity(X:17, Y:2)
19-04-2016 21:16:41:557 - D: 	Destroyed Entity DestructibleWallEntity(X:18, Y:3)
19-04-2016 21:16:41:557 - D: 	Destroyed Entity DestructibleWallEntity(X:18, Y:19)
19-04-2016 21:16:41:557 - D: 	Destroyed Entity DestructibleWallEntity(X:17, Y:20)
19-04-2016 21:16:41:564 - I: 	Player PlayerEntity(X:4, Y:6, Key:A) has a movement coverage of 2,49% for the map
19-04-2016 21:16:41:564 - I: 	Player PlayerEntity(X:20, Y:18, Key:B) has a movement coverage of 1,78% for the map
19-04-2016 21:16:41:564 - I: 	Player PlayerEntity(X:4, Y:16, Key:C) has a movement coverage of 2,49% for the map
19-04-2016 21:16:41:564 - I: 	Player PlayerEntity(X:20, Y:4, Key:D) has a movement coverage of 1,78% for the map
19-04-2016 21:16:41:564 - D: 	Round processing complete